<?xml version="1.0" encoding="UTF-8"?>
<testng-results ignored="0" total="1" passed="1" failed="0" skipped="0">
  <reporter-output>
  </reporter-output>
  <suite started-at="2025-08-26T19:37:16 IST" name="Suite" finished-at="2025-08-26T19:37:25 IST" duration-ms="9553">
    <groups>
    </groups>
    <test started-at="2025-08-26T19:37:16 IST" name="Test" finished-at="2025-08-26T19:37:25 IST" duration-ms="9553">
      <class name="regression.ValidateLoginUsingPOMDataProvider">
        <test-method is-config="true" signature="beforTest()[pri:0, instance:regression.ValidateLoginUsingPOMDataProvider@79079097]" started-at="2025-08-26T19:37:16 IST" name="beforTest" finished-at="2025-08-26T19:37:16 IST" duration-ms="250" status="PASS">
          <reporter-output>
          </reporter-output>
        </test-method> <!-- beforTest -->
        <test-method is-config="true" signature="setUp(java.lang.reflect.Method)[pri:0, instance:regression.ValidateLoginUsingPOMDataProvider@79079097]" started-at="2025-08-26T19:37:16 IST" name="setUp" finished-at="2025-08-26T19:37:23 IST" duration-ms="6171" status="PASS">
          <params>
            <param index="0">
              <value>
                <![CDATA[public void regression.ValidateLoginUsingPOMDataProvider.validateLoginTest(java.util.HashMap)]]>
              </value>
            </param>
          </params>
          <reporter-output>
          </reporter-output>
        </test-method> <!-- setUp -->
        <test-method signature="validateLoginTest(java.util.HashMap)[pri:0, instance:regression.ValidateLoginUsingPOMDataProvider@79079097]" started-at="2025-08-26T19:37:23 IST" name="validateLoginTest" data-provider="getTestData" finished-at="2025-08-26T19:37:24 IST" duration-ms="1731" status="PASS">
          <params>
            <param index="0">
              <value>
                <![CDATA[{expTitle=Adactin.com - Search Hotel, password=reyaz123, username=reyaz0806}]]>
              </value>
            </param>
          </params>
          <reporter-output>
          </reporter-output>
        </test-method> <!-- validateLoginTest -->
        <test-method is-config="true" signature="cleanUp()[pri:0, instance:regression.ValidateLoginUsingPOMDataProvider@79079097]" started-at="2025-08-26T19:37:25 IST" name="cleanUp" finished-at="2025-08-26T19:37:25 IST" duration-ms="214" status="PASS">
          <reporter-output>
          </reporter-output>
        </test-method> <!-- cleanUp -->
        <test-method is-config="true" signature="reportsEnd()[pri:0, instance:regression.ValidateLoginUsingPOMDataProvider@79079097]" started-at="2025-08-26T19:37:25 IST" name="reportsEnd" finished-at="2025-08-26T19:37:25 IST" duration-ms="251" status="PASS">
          <reporter-output>
          </reporter-output>
        </test-method> <!-- reportsEnd -->
      </class> <!-- regression.ValidateLoginUsingPOMDataProvider -->
    </test> <!-- Test -->
  </suite> <!-- Suite -->
</testng-results>
